<?xml version="1.0" encoding="UTF-8"?>
<!-- Generated by org.testng.reporters.JUnitReportReporter -->
<testsuite hostname="jainish" failures="0" tests="1" name="asg.AssignmentAppium.Q_4" time="21.642" errors="0" timestamp="2023-09-10T11:10:22 IST" skipped="0">
  <testcase classname="asg.AssignmentAppium.Q_4" name="test" time="21.642"/>
  <system-out/>
</testsuite> <!-- asg.AssignmentAppium.Q_4 -->
