<?xml version="1.0" encoding="UTF-8"?>
<!-- Generated by org.testng.reporters.JUnitReportReporter -->
<testsuite hostname="jainish" failures="0" tests="1" name="asg.AssignmentAppium.Q_1" time="12.659" errors="0" timestamp="2023-09-10T10:19:32 IST" skipped="0">
  <testcase classname="asg.AssignmentAppium.Q_1" name="name" time="12.659"/>
  <system-out/>
</testsuite> <!-- asg.AssignmentAppium.Q_1 -->
